# JRE version: Java(TM) SE Runtime Environment (8.0_72-b15) (build 1.8.0_72-b15)
# Java VM: Java HotSpot(TM) 64-Bit Server VM (25.72-b15 mixed mode windows-amd64 compressed oops)
Heap:
 PSYoungGen      total 103936K, used 46681K [0x00000000e0000000, 0x00000000e7700000, 0x0000000100000000)
  eden space 86016K, 43% used [0x00000000e0000000,0x00000000e2467920,0x00000000e5400000)
  from space 17920K, 52% used [0x00000000e5400000,0x00000000e5d2ebb0,0x00000000e6580000)
  to   space 14848K, 0% used [0x00000000e6880000,0x00000000e6880000,0x00000000e7700000)
 ParOldGen       total 134144K, used 65003K [0x00000000a0000000, 0x00000000a8300000, 0x00000000e0000000)
  object space 134144K, 48% used [0x00000000a0000000,0x00000000a3f7aec8,0x00000000a8300000)
 Metaspace       used 81708K, capacity 85628K, committed 85760K, reserved 1124352K
  class space    used 10958K, capacity 11771K, committed 11776K, reserved 1048576K
GC Heap History (10 events):
Event: 2001.576 GC heap before
{Heap before GC invocations=36 (full 5):
 PSYoungGen      total 108032K, used 107627K [0x00000000e0000000, 0x00000000e8980000, 0x0000000100000000)
  eden space 96256K, 100% used [0x00000000e0000000,0x00000000e5e00000,0x00000000e5e00000)
  from space 11776K, 96% used [0x00000000e7e00000,0x00000000e891ac30,0x00000000e8980000)
  to   space 19968K, 0% used [0x00000000e6280000,0x00000000e6280000,0x00000000e7600000)
 ParOldGen       total 134144K, used 64955K [0x00000000a0000000, 0x00000000a8300000, 0x00000000e0000000)
  object space 134144K, 48% used [0x00000000a0000000,0x00000000a3f6eec8,0x00000000a8300000)
 Metaspace       used 74865K, capacity 78494K, committed 78720K, reserved 1118208K
  class space    used 10109K, capacity 10872K, committed 10880K, reserved 1048576K
Event: 2001.584 GC heap after
Heap after GC invocations=36 (full 5):
 PSYoungGen      total 102400K, used 8276K [0x00000000e0000000, 0x00000000e8180000, 0x0000000100000000)
  eden space 93696K, 0% used [0x00000000e0000000,0x00000000e0000000,0x00000000e5b80000)
  from space 8704K, 95% used [0x00000000e6280000,0x00000000e6a95208,0x00000000e6b00000)
  to   space 19456K, 0% used [0x00000000e6e80000,0x00000000e6e80000,0x00000000e8180000)
 ParOldGen       total 134144K, used 64963K [0x00000000a0000000, 0x00000000a8300000, 0x00000000e0000000)
  object space 134144K, 48% used [0x00000000a0000000,0x00000000a3f70ec8,0x00000000a8300000)
 Metaspace       used 74865K, capacity 78494K, committed 78720K, reserved 1118208K
  class space    used 10109K, capacity 10872K, committed 10880K, reserved 1048576K
}
Event: 2008.818 GC heap before
{Heap before GC invocations=37 (full 5):
 PSYoungGen      total 102400K, used 101972K [0x00000000e0000000, 0x00000000e8180000, 0x0000000100000000)
  eden space 93696K, 100% used [0x00000000e0000000,0x00000000e5b80000,0x00000000e5b80000)
  from space 8704K, 95% used [0x00000000e6280000,0x00000000e6a95208,0x00000000e6b00000)
  to   space 19456K, 0% used [0x00000000e6e80000,0x00000000e6e80000,0x00000000e8180000)
 ParOldGen       total 134144K, used 64963K [0x00000000a0000000, 0x00000000a8300000, 0x00000000e0000000)
  object space 134144K, 48% used [0x00000000a0000000,0x00000000a3f70ec8,0x00000000a8300000)
 Metaspace       used 74963K, capacity 78622K, committed 78720K, reserved 1118208K
  class space    used 10109K, capacity 10872K, committed 10880K, reserved 1048576K
Event: 2008.826 GC heap after
Heap after GC invocations=37 (full 5):
 PSYoungGen      total 107008K, used 5520K [0x00000000e0000000, 0x00000000e7e00000, 0x0000000100000000)
  eden space 91136K, 0% used [0x00000000e0000000,0x00000000e0000000,0x00000000e5900000)
  from space 15872K, 34% used [0x00000000e6e80000,0x00000000e73e4030,0x00000000e7e00000)
  to   space 18944K, 0% used [0x00000000e5900000,0x00000000e5900000,0x00000000e6b80000)
 ParOldGen       total 134144K, used 64971K [0x00000000a0000000, 0x00000000a8300000, 0x00000000e0000000)
  object space 134144K, 48% used [0x00000000a0000000,0x00000000a3f72ec8,0x00000000a8300000)
 Metaspace       used 74963K, capacity 78622K, committed 78720K, reserved 1118208K
  class space    used 10109K, capacity 10872K, committed 10880K, reserved 1048576K
}
Event: 2046.090 GC heap before
{Heap before GC invocations=38 (full 5):
 PSYoungGen      total 107008K, used 96656K [0x00000000e0000000, 0x00000000e7e00000, 0x0000000100000000)
  eden space 91136K, 100% used [0x00000000e0000000,0x00000000e5900000,0x00000000e5900000)
  from space 15872K, 34% used [0x00000000e6e80000,0x00000000e73e4030,0x00000000e7e00000)
  to   space 18944K, 0% used [0x00000000e5900000,0x00000000e5900000,0x00000000e6b80000)
 ParOldGen       total 134144K, used 64971K [0x00000000a0000000, 0x00000000a8300000, 0x00000000e0000000)
  object space 134144K, 48% used [0x00000000a0000000,0x00000000a3f72ec8,0x00000000a8300000)
 Metaspace       used 80279K, capacity 84058K, committed 84352K, reserved 1122304K
  class space    used 10750K, capacity 11526K, committed 11648K, reserved 1048576K
Event: 2046.114 GC heap after
Heap after GC invocations=38 (full 5):
 PSYoungGen      total 98816K, used 10107K [0x00000000e0000000, 0x00000000e7a80000, 0x0000000100000000)
  eden space 88576K, 0% used [0x00000000e0000000,0x00000000e0000000,0x00000000e5680000)
  from space 10240K, 98% used [0x00000000e5900000,0x00000000e62dee38,0x00000000e6300000)
  to   space 18432K, 0% used [0x00000000e6880000,0x00000000e6880000,0x00000000e7a80000)
 ParOldGen       total 134144K, used 64987K [0x00000000a0000000, 0x00000000a8300000, 0x00000000e0000000)
  object space 134144K, 48% used [0x00000000a0000000,0x00000000a3f76ec8,0x00000000a8300000)
 Metaspace       used 80279K, capacity 84058K, committed 84352K, reserved 1122304K
  class space    used 10750K, capacity 11526K, committed 11648K, reserved 1048576K
}
Event: 2047.581 GC heap before
{Heap before GC invocations=39 (full 5):
 PSYoungGen      total 98816K, used 97903K [0x00000000e0000000, 0x00000000e7a80000, 0x0000000100000000)
  eden space 88576K, 99% used [0x00000000e0000000,0x00000000e55bce00,0x00000000e5680000)
  from space 10240K, 98% used [0x00000000e5900000,0x00000000e62dee38,0x00000000e6300000)
  to   space 18432K, 0% used [0x00000000e6880000,0x00000000e6880000,0x00000000e7a80000)
 ParOldGen       total 134144K, used 64987K [0x00000000a0000000, 0x00000000a8300000, 0x00000000e0000000)
  object space 134144K, 48% used [0x00000000a0000000,0x00000000a3f76ec8,0x00000000a8300000)
 Metaspace       used 80940K, capacity 84744K, committed 84992K, reserved 1122304K
  class space    used 10857K, capacity 11655K, committed 11776K, reserved 1048576K
Event: 2047.592 GC heap after
Heap after GC invocations=39 (full 5):
 PSYoungGen      total 100864K, used 9896K [0x00000000e0000000, 0x00000000e7700000, 0x0000000100000000)
  eden space 86016K, 0% used [0x00000000e0000000,0x00000000e0000000,0x00000000e5400000)
  from space 14848K, 66% used [0x00000000e6880000,0x00000000e722a0c0,0x00000000e7700000)
  to   space 17920K, 0% used [0x00000000e5400000,0x00000000e5400000,0x00000000e6580000)
 ParOldGen       total 134144K, used 64995K [0x00000000a0000000, 0x00000000a8300000, 0x00000000e0000000)
  object space 134144K, 48% used [0x00000000a0000000,0x00000000a3f78ec8,0x00000000a8300000)
 Metaspace       used 80940K, capacity 84744K, committed 84992K, reserved 1122304K
  class space    used 10857K, capacity 11655K, committed 11776K, reserved 1048576K
}
Event: 2047.603 GC heap before
{Heap before GC invocations=40 (full 5):
 PSYoungGen      total 100864K, used 95295K [0x00000000e0000000, 0x00000000e7700000, 0x0000000100000000)
  eden space 86016K, 99% used [0x00000000e0000000,0x00000000e5365e60,0x00000000e5400000)
  from space 14848K, 66% used [0x00000000e6880000,0x00000000e722a0c0,0x00000000e7700000)
  to   space 17920K, 0% used [0x00000000e5400000,0x00000000e5400000,0x00000000e6580000)
 ParOldGen       total 134144K, used 64995K [0x00000000a0000000, 0x00000000a8300000, 0x00000000e0000000)
  object space 134144K, 48% used [0x00000000a0000000,0x00000000a3f78ec8,0x00000000a8300000)
 Metaspace       used 80945K, capacity 84744K, committed 84992K, reserved 1122304K
  class space    used 10857K, capacity 11655K, committed 11776K, reserved 1048576K
Event: 2047.609 GC heap after
Heap after GC invocations=40 (full 5):
 PSYoungGen      total 103936K, used 9402K [0x00000000e0000000, 0x00000000e7700000, 0x0000000100000000)
  eden space 86016K, 0% used [0x00000000e0000000,0x00000000e0000000,0x00000000e5400000)
  from space 17920K, 52% used [0x00000000e5400000,0x00000000e5d2ebb0,0x00000000e6580000)
  to   space 14848K, 0% used [0x00000000e6880000,0x00000000e6880000,0x00000000e7700000)
 ParOldGen       total 134144K, used 65003K [0x00000000a0000000, 0x00000000a8300000, 0x00000000e0000000)
  object space 134144K, 48% used [0x00000000a0000000,0x00000000a3f7aec8,0x00000000a8300000)
 Metaspace       used 80945K, capacity 84744K, committed 84992K, reserved 1122304K
  class space    used 10857K, capacity 11655K, committed 11776K, reserved 1048576K
}

